Performing system checks...

System check identified no issues (0 silenced).

Not checking migrations as it is not possible to access/create the django_migrations table.
December 14, 2016 - 14:32:07
Django version 1.9.7, using settings 'config.settings.local'
Starting development server at http://172.22.2.137:8000/
Quit the server with CONTROL-C.
Performing system checks...

System check identified no issues (0 silenced).

Not checking migrations as it is not possible to access/create the django_migrations table.
December 15, 2016 - 10:22:02
Django version 1.9.7, using settings 'config.settings.local'
Starting development server at http://172.22.2.137:8000/
Quit the server with CONTROL-C.
Performing system checks...

System check identified no issues (0 silenced).

Not checking migrations as it is not possible to access/create the django_migrations table.
December 15, 2016 - 12:17:15
Django version 1.9.7, using settings 'config.settings.local'
Starting development server at http://172.22.2.137:8000/
Quit the server with CONTROL-C.
Performing system checks...

System check identified no issues (0 silenced).

Not checking migrations as it is not possible to access/create the django_migrations table.
December 15, 2016 - 12:19:22
Django version 1.9.7, using settings 'config.settings.local'
Starting development server at http://172.22.2.137:8000/
Quit the server with CONTROL-C.
Performing system checks...

System check identified no issues (0 silenced).

Not checking migrations as it is not possible to access/create the django_migrations table.
December 15, 2016 - 12:19:45
Django version 1.9.7, using settings 'config.settings.local'
Starting development server at http://172.22.2.137:8000/
Quit the server with CONTROL-C.
Performing system checks...

System check identified no issues (0 silenced).

Not checking migrations as it is not possible to access/create the django_migrations table.
December 15, 2016 - 12:22:23
Django version 1.9.7, using settings 'config.settings.local'
Starting development server at http://172.22.2.137:8000/
Quit the server with CONTROL-C.
Performing system checks...

System check identified no issues (0 silenced).

Not checking migrations as it is not possible to access/create the django_migrations table.
December 15, 2016 - 12:23:14
Django version 1.9.7, using settings 'config.settings.local'
Starting development server at http://172.22.2.137:8000/
Quit the server with CONTROL-C.
Performing system checks...

System check identified no issues (0 silenced).

Not checking migrations as it is not possible to access/create the django_migrations table.
December 15, 2016 - 13:13:53
Django version 1.9.7, using settings 'config.settings.local'
Starting development server at http://172.22.2.137:8000/
Quit the server with CONTROL-C.
Performing system checks...

System check identified no issues (0 silenced).

Not checking migrations as it is not possible to access/create the django_migrations table.
December 15, 2016 - 13:57:26
Django version 1.9.7, using settings 'config.settings.local'
Starting development server at http://172.22.2.137:8000/
Quit the server with CONTROL-C.
Performing system checks...

System check identified no issues (0 silenced).

Not checking migrations as it is not possible to access/create the django_migrations table.
December 15, 2016 - 13:59:05
Django version 1.9.7, using settings 'config.settings.local'
Starting development server at http://172.22.2.137:8000/
Quit the server with CONTROL-C.
Performing system checks...

System check identified no issues (0 silenced).

Not checking migrations as it is not possible to access/create the django_migrations table.
December 15, 2016 - 13:59:29
Django version 1.9.7, using settings 'config.settings.local'
Starting development server at http://172.22.2.137:8000/
Quit the server with CONTROL-C.
Performing system checks...

System check identified no issues (0 silenced).

Not checking migrations as it is not possible to access/create the django_migrations table.
December 15, 2016 - 13:59:48
Django version 1.9.7, using settings 'config.settings.local'
Starting development server at http://172.22.2.137:8000/
Quit the server with CONTROL-C.
Performing system checks...

System check identified no issues (0 silenced).

Not checking migrations as it is not possible to access/create the django_migrations table.
December 15, 2016 - 14:00:30
Django version 1.9.7, using settings 'config.settings.local'
Starting development server at http://172.22.2.137:8000/
Quit the server with CONTROL-C.
Performing system checks...

System check identified no issues (0 silenced).

Not checking migrations as it is not possible to access/create the django_migrations table.
December 15, 2016 - 14:05:30
Django version 1.9.7, using settings 'config.settings.local'
Starting development server at http://172.22.2.137:8000/
Quit the server with CONTROL-C.
Performing system checks...

System check identified no issues (0 silenced).

Not checking migrations as it is not possible to access/create the django_migrations table.
December 15, 2016 - 14:08:40
Django version 1.9.7, using settings 'config.settings.local'
Starting development server at http://172.22.2.137:8000/
Quit the server with CONTROL-C.
Performing system checks...

System check identified no issues (0 silenced).

Not checking migrations as it is not possible to access/create the django_migrations table.
December 15, 2016 - 14:09:37
Django version 1.9.7, using settings 'config.settings.local'
Starting development server at http://172.22.2.137:8000/
Quit the server with CONTROL-C.
Performing system checks...

System check identified no issues (0 silenced).

Not checking migrations as it is not possible to access/create the django_migrations table.
December 15, 2016 - 14:50:20
Django version 1.9.7, using settings 'config.settings.local'
Starting development server at http://172.22.2.137:8000/
Quit the server with CONTROL-C.
Performing system checks...

System check identified no issues (0 silenced).

Not checking migrations as it is not possible to access/create the django_migrations table.
December 15, 2016 - 14:51:00
Django version 1.9.7, using settings 'config.settings.local'
Starting development server at http://172.22.2.137:8000/
Quit the server with CONTROL-C.
Performing system checks...

System check identified no issues (0 silenced).

Not checking migrations as it is not possible to access/create the django_migrations table.
December 15, 2016 - 14:51:22
Django version 1.9.7, using settings 'config.settings.local'
Starting development server at http://172.22.2.137:8000/
Quit the server with CONTROL-C.
Performing system checks...

System check identified no issues (0 silenced).

Not checking migrations as it is not possible to access/create the django_migrations table.
December 15, 2016 - 14:52:09
Django version 1.9.7, using settings 'config.settings.local'
Starting development server at http://172.22.2.137:8000/
Quit the server with CONTROL-C.
Performing system checks...

System check identified no issues (0 silenced).

Not checking migrations as it is not possible to access/create the django_migrations table.
December 15, 2016 - 14:53:49
Django version 1.9.7, using settings 'config.settings.local'
Starting development server at http://172.22.2.137:8000/
Quit the server with CONTROL-C.
Performing system checks...

System check identified no issues (0 silenced).

Not checking migrations as it is not possible to access/create the django_migrations table.
December 15, 2016 - 15:58:23
Django version 1.9.7, using settings 'config.settings.local'
Starting development server at http://172.22.2.137:8000/
Quit the server with CONTROL-C.
Performing system checks...

System check identified no issues (0 silenced).

Not checking migrations as it is not possible to access/create the django_migrations table.
December 16, 2016 - 12:00:28
Django version 1.9.7, using settings 'config.settings.local'
Starting development server at http://172.22.2.137:8000/
Quit the server with CONTROL-C.
Performing system checks...

System check identified no issues (0 silenced).

Not checking migrations as it is not possible to access/create the django_migrations table.
December 16, 2016 - 12:01:36
Django version 1.9.7, using settings 'config.settings.local'
Starting development server at http://172.22.2.137:8000/
Quit the server with CONTROL-C.
Performing system checks...

System check identified no issues (0 silenced).

Not checking migrations as it is not possible to access/create the django_migrations table.
December 16, 2016 - 12:06:04
Django version 1.9.7, using settings 'config.settings.local'
Starting development server at http://172.22.2.137:8000/
Quit the server with CONTROL-C.
Performing system checks...

System check identified no issues (0 silenced).

Not checking migrations as it is not possible to access/create the django_migrations table.
December 16, 2016 - 12:12:05
Django version 1.9.7, using settings 'config.settings.local'
Starting development server at http://172.22.2.137:8000/
Quit the server with CONTROL-C.
Performing system checks...

System check identified no issues (0 silenced).

Not checking migrations as it is not possible to access/create the django_migrations table.
December 16, 2016 - 12:12:15
Django version 1.9.7, using settings 'config.settings.local'
Starting development server at http://172.22.2.137:8000/
Quit the server with CONTROL-C.
Performing system checks...

System check identified no issues (0 silenced).

Not checking migrations as it is not possible to access/create the django_migrations table.
December 16, 2016 - 13:25:41
Django version 1.9.7, using settings 'config.settings.local'
Starting development server at http://172.22.2.137:8000/
Quit the server with CONTROL-C.
Performing system checks...

System check identified no issues (0 silenced).

Not checking migrations as it is not possible to access/create the django_migrations table.
December 16, 2016 - 13:29:51
Django version 1.9.7, using settings 'config.settings.local'
Starting development server at http://172.22.2.137:8000/
Quit the server with CONTROL-C.
Performing system checks...

System check identified no issues (0 silenced).

Not checking migrations as it is not possible to access/create the django_migrations table.
December 16, 2016 - 13:34:46
Django version 1.9.7, using settings 'config.settings.local'
Starting development server at http://172.22.2.137:8000/
Quit the server with CONTROL-C.
Performing system checks...

System check identified no issues (0 silenced).

Not checking migrations as it is not possible to access/create the django_migrations table.
December 16, 2016 - 13:36:05
Django version 1.9.7, using settings 'config.settings.local'
Starting development server at http://172.22.2.137:8000/
Quit the server with CONTROL-C.
Performing system checks...

System check identified no issues (0 silenced).

Not checking migrations as it is not possible to access/create the django_migrations table.
December 16, 2016 - 13:36:22
Django version 1.9.7, using settings 'config.settings.local'
Starting development server at http://172.22.2.137:8000/
Quit the server with CONTROL-C.
Performing system checks...

System check identified no issues (0 silenced).

Not checking migrations as it is not possible to access/create the django_migrations table.
December 16, 2016 - 13:38:33
Django version 1.9.7, using settings 'config.settings.local'
Starting development server at http://172.22.2.137:8000/
Quit the server with CONTROL-C.
Performing system checks...

System check identified no issues (0 silenced).

Not checking migrations as it is not possible to access/create the django_migrations table.
December 16, 2016 - 13:49:29
Django version 1.9.7, using settings 'config.settings.local'
Starting development server at http://172.22.2.137:8000/
Quit the server with CONTROL-C.
Performing system checks...

System check identified no issues (0 silenced).

Not checking migrations as it is not possible to access/create the django_migrations table.
December 16, 2016 - 13:50:01
Django version 1.9.7, using settings 'config.settings.local'
Starting development server at http://172.22.2.137:8000/
Quit the server with CONTROL-C.
Performing system checks...

System check identified no issues (0 silenced).

Not checking migrations as it is not possible to access/create the django_migrations table.
December 16, 2016 - 13:50:22
Django version 1.9.7, using settings 'config.settings.local'
Starting development server at http://172.22.2.137:8000/
Quit the server with CONTROL-C.
Performing system checks...

System check identified no issues (0 silenced).

Not checking migrations as it is not possible to access/create the django_migrations table.
December 16, 2016 - 13:51:13
Django version 1.9.7, using settings 'config.settings.local'
Starting development server at http://172.22.2.137:8000/
Quit the server with CONTROL-C.
Performing system checks...

System check identified no issues (0 silenced).

Not checking migrations as it is not possible to access/create the django_migrations table.
December 16, 2016 - 13:51:21
Django version 1.9.7, using settings 'config.settings.local'
Starting development server at http://172.22.2.137:8000/
Quit the server with CONTROL-C.
Performing system checks...

System check identified no issues (0 silenced).

Not checking migrations as it is not possible to access/create the django_migrations table.
December 16, 2016 - 14:29:11
Django version 1.9.7, using settings 'config.settings.local'
Starting development server at http://172.22.2.137:8000/
Quit the server with CONTROL-C.
Performing system checks...

System check identified no issues (0 silenced).

Not checking migrations as it is not possible to access/create the django_migrations table.
December 16, 2016 - 14:29:18
Django version 1.9.7, using settings 'config.settings.local'
Starting development server at http://172.22.2.137:8000/
Quit the server with CONTROL-C.
*Warning: following edges are not present for  AT1G25550  in TargetDB:
  [u'TARGET:RNASEQ:INDUCED:MCHX']
Performing system checks...

System check identified no issues (0 silenced).

Not checking migrations as it is not possible to access/create the django_migrations table.
December 20, 2016 - 16:25:02
Django version 1.9.7, using settings 'config.settings.local'
Starting development server at http://172.22.2.137:8000/
Quit the server with CONTROL-C.
Performing system checks...

System check identified no issues (0 silenced).

Not checking migrations as it is not possible to access/create the django_migrations table.
December 20, 2016 - 16:31:08
Django version 1.9.7, using settings 'config.settings.local'
Starting development server at http://172.22.2.137:8000/
Quit the server with CONTROL-C.
Performing system checks...

System check identified no issues (0 silenced).

Not checking migrations as it is not possible to access/create the django_migrations table.
January 04, 2017 - 09:51:56
Django version 1.9.7, using settings 'config.settings.local'
Starting development server at http://172.22.2.137:8000/
Quit the server with CONTROL-C.
Performing system checks...

System check identified no issues (0 silenced).

Not checking migrations as it is not possible to access/create the django_migrations table.
January 04, 2017 - 10:46:28
Django version 1.9.7, using settings 'config.settings.local'
Starting development server at http://172.22.2.137:8000/
Quit the server with CONTROL-C.
Performing system checks...

System check identified no issues (0 silenced).

Not checking migrations as it is not possible to access/create the django_migrations table.
January 04, 2017 - 10:46:49
Django version 1.9.7, using settings 'config.settings.local'
Starting development server at http://172.22.2.137:8000/
Quit the server with CONTROL-C.
Performing system checks...

System check identified no issues (0 silenced).

Not checking migrations as it is not possible to access/create the django_migrations table.
January 04, 2017 - 10:47:06
Django version 1.9.7, using settings 'config.settings.local'
Starting development server at http://172.22.2.137:8000/
Quit the server with CONTROL-C.
Performing system checks...

System check identified no issues (0 silenced).

Not checking migrations as it is not possible to access/create the django_migrations table.
January 04, 2017 - 10:47:18
Django version 1.9.7, using settings 'config.settings.local'
Starting development server at http://172.22.2.137:8000/
Quit the server with CONTROL-C.
Performing system checks...

System check identified no issues (0 silenced).

Not checking migrations as it is not possible to access/create the django_migrations table.
January 04, 2017 - 10:47:27
Django version 1.9.7, using settings 'config.settings.local'
Starting development server at http://172.22.2.137:8000/
Quit the server with CONTROL-C.
Performing system checks...

System check identified no issues (0 silenced).

Not checking migrations as it is not possible to access/create the django_migrations table.
January 04, 2017 - 10:47:42
Django version 1.9.7, using settings 'config.settings.local'
Starting development server at http://172.22.2.137:8000/
Quit the server with CONTROL-C.
Performing system checks...

System check identified no issues (0 silenced).

Not checking migrations as it is not possible to access/create the django_migrations table.
January 04, 2017 - 10:48:16
Django version 1.9.7, using settings 'config.settings.local'
Starting development server at http://172.22.2.137:8000/
Quit the server with CONTROL-C.
Performing system checks...

System check identified no issues (0 silenced).

Not checking migrations as it is not possible to access/create the django_migrations table.
January 04, 2017 - 11:24:06
Django version 1.9.7, using settings 'config.settings.local'
Starting development server at http://172.22.2.137:8000/
Quit the server with CONTROL-C.
Performing system checks...

System check identified no issues (0 silenced).

Not checking migrations as it is not possible to access/create the django_migrations table.
January 04, 2017 - 11:24:09
Django version 1.9.7, using settings 'config.settings.local'
Starting development server at http://172.22.2.137:8000/
Quit the server with CONTROL-C.
Performing system checks...

System check identified no issues (0 silenced).

Not checking migrations as it is not possible to access/create the django_migrations table.
January 04, 2017 - 11:24:40
Django version 1.9.7, using settings 'config.settings.local'
Starting development server at http://172.22.2.137:8000/
Quit the server with CONTROL-C.
Performing system checks...

System check identified no issues (0 silenced).

Not checking migrations as it is not possible to access/create the django_migrations table.
January 04, 2017 - 11:24:46
Django version 1.9.7, using settings 'config.settings.local'
Starting development server at http://172.22.2.137:8000/
Quit the server with CONTROL-C.
Performing system checks...

System check identified no issues (0 silenced).

Not checking migrations as it is not possible to access/create the django_migrations table.
January 04, 2017 - 11:31:10
Django version 1.9.7, using settings 'config.settings.local'
Starting development server at http://172.22.2.137:8000/
Quit the server with CONTROL-C.
Performing system checks...

System check identified no issues (0 silenced).

Not checking migrations as it is not possible to access/create the django_migrations table.
January 04, 2017 - 11:31:28
Django version 1.9.7, using settings 'config.settings.local'
Starting development server at http://172.22.2.137:8000/
Quit the server with CONTROL-C.
Performing system checks...

System check identified no issues (0 silenced).

Not checking migrations as it is not possible to access/create the django_migrations table.
January 04, 2017 - 12:18:39
Django version 1.9.7, using settings 'config.settings.local'
Starting development server at http://172.22.2.137:8000/
Quit the server with CONTROL-C.
Performing system checks...

System check identified no issues (0 silenced).

Not checking migrations as it is not possible to access/create the django_migrations table.
January 04, 2017 - 12:20:04
Django version 1.9.7, using settings 'config.settings.local'
Starting development server at http://172.22.2.137:8000/
Quit the server with CONTROL-C.
Performing system checks...

System check identified no issues (0 silenced).

Not checking migrations as it is not possible to access/create the django_migrations table.
January 04, 2017 - 12:20:09
Django version 1.9.7, using settings 'config.settings.local'
Starting development server at http://172.22.2.137:8000/
Quit the server with CONTROL-C.
Performing system checks...

System check identified no issues (0 silenced).

Not checking migrations as it is not possible to access/create the django_migrations table.
January 04, 2017 - 12:20:45
Django version 1.9.7, using settings 'config.settings.local'
Starting development server at http://172.22.2.137:8000/
Quit the server with CONTROL-C.
Performing system checks...

System check identified no issues (0 silenced).

Not checking migrations as it is not possible to access/create the django_migrations table.
January 04, 2017 - 12:21:03
Django version 1.9.7, using settings 'config.settings.local'
Starting development server at http://172.22.2.137:8000/
Quit the server with CONTROL-C.
Performing system checks...

System check identified no issues (0 silenced).

Not checking migrations as it is not possible to access/create the django_migrations table.
January 04, 2017 - 12:21:32
Django version 1.9.7, using settings 'config.settings.local'
Starting development server at http://172.22.2.137:8000/
Quit the server with CONTROL-C.
Performing system checks...

System check identified no issues (0 silenced).

Not checking migrations as it is not possible to access/create the django_migrations table.
January 04, 2017 - 12:23:08
Django version 1.9.7, using settings 'config.settings.local'
Starting development server at http://172.22.2.137:8000/
Quit the server with CONTROL-C.
Performing system checks...

System check identified no issues (0 silenced).

Not checking migrations as it is not possible to access/create the django_migrations table.
January 04, 2017 - 12:40:29
Django version 1.9.7, using settings 'config.settings.local'
Starting development server at http://172.22.2.137:8000/
Quit the server with CONTROL-C.
Performing system checks...

System check identified no issues (0 silenced).

Not checking migrations as it is not possible to access/create the django_migrations table.
January 04, 2017 - 12:40:51
Django version 1.9.7, using settings 'config.settings.local'
Starting development server at http://172.22.2.137:8000/
Quit the server with CONTROL-C.
Performing system checks...

System check identified no issues (0 silenced).

Not checking migrations as it is not possible to access/create the django_migrations table.
January 04, 2017 - 12:40:56
Django version 1.9.7, using settings 'config.settings.local'
Starting development server at http://172.22.2.137:8000/
Quit the server with CONTROL-C.
Performing system checks...

System check identified no issues (0 silenced).

Not checking migrations as it is not possible to access/create the django_migrations table.
January 04, 2017 - 12:44:01
Django version 1.9.7, using settings 'config.settings.local'
Starting development server at http://172.22.2.137:8000/
Quit the server with CONTROL-C.
Performing system checks...

System check identified no issues (0 silenced).

Not checking migrations as it is not possible to access/create the django_migrations table.
January 04, 2017 - 12:44:13
Django version 1.9.7, using settings 'config.settings.local'
Starting development server at http://172.22.2.137:8000/
Quit the server with CONTROL-C.
Performing system checks...

System check identified no issues (0 silenced).

Not checking migrations as it is not possible to access/create the django_migrations table.
January 04, 2017 - 12:44:32
Django version 1.9.7, using settings 'config.settings.local'
Starting development server at http://172.22.2.137:8000/
Quit the server with CONTROL-C.
Performing system checks...

System check identified no issues (0 silenced).

Not checking migrations as it is not possible to access/create the django_migrations table.
January 04, 2017 - 12:47:43
Django version 1.9.7, using settings 'config.settings.local'
Starting development server at http://172.22.2.137:8000/
Quit the server with CONTROL-C.
